<?xml version="1.0" encoding="UTF-8"?>
<testsuite xmlns:xsi="http://www.w3.org/2001/XMLSchema-instance" xsi:noNamespaceSchemaLocation="https://maven.apache.org/surefire/maven-surefire-plugin/xsd/surefire-test-report-3.0.xsd" version="3.0" name="com.distribuidora.app.DistribuidoraApplicationTests" time="6.016" tests="1" errors="0" skipped="0" failures="0">
  <properties>
[...]
</properties>
  <testcase name="contextLoads" classname="com.distribuidora.app.DistribuidoraApplicationTests" time="1.292">
    <system-out><![CDATA[17:26:57.804 [main] INFO org.springframework.test.context.support.AnnotationConfigContextLoaderUtils -- Could not detect default configuration classes for test class [com.distribuidora.app.DistribuidoraApplicationTests]: DistribuidoraApplicationTests does not declare any static, non-private, non-final, nested classes annotated with @Configuration.
17:26:57.960 [main] INFO org.springframework.boot.test.context.SpringBootTestContextBootstrapper -- Found @SpringBootConfiguration com.Distribuidora.app.DistribuidoraApplication for test class com.distribuidora.app.DistribuidoraApplicationTests
17:26:58.229 [main] INFO org.springframework.boot.devtools.restart.RestartApplicationListener -- Restart disabled due to context in which it is running

  .   ____          _            __ _ _
 /\\ / ___'_ __ _ _(_)_ __  __ _ \ \ \ \
( ( )\___ | '_ | '_| | '_ \/ _` | \ \ \ \
 \\/  ___)| |_)| | | | | || (_| |  ) ) ) )
  '  |____| .__|_| |_|_| |_\__, | / / / /
 =========|_|==============|___/=/_/_/_/

 :: Spring Boot ::                (v3.3.5)

2025-05-30T17:26:58.556-05:00  INFO 13392 --- [Distribuidora] [           main] c.d.app.DistribuidoraApplicationTests    : Starting DistribuidoraApplicationTests using Java 17.0.12 with PID 13392 (started by Johann in C:\SpringbootJOHANNANAYA\Distribuidora)
2025-05-30T17:26:58.559-05:00  INFO 13392 --- [Distribuidora] [           main] c.d.app.DistribuidoraApplicationTests    : No active profile set, falling back to 1 default profile: "default"
2025-05-30T17:26:59.536-05:00  INFO 13392 --- [Distribuidora] [           main] .s.d.r.c.RepositoryConfigurationDelegate : Bootstrapping Spring Data MongoDB repositories in DEFAULT mode.
2025-05-30T17:26:59.637-05:00  INFO 13392 --- [Distribuidora] [           main] .s.d.r.c.RepositoryConfigurationDelegate : Finished Spring Data repository scanning in 94 ms. Found 8 MongoDB repository interfaces.
2025-05-30T17:27:00.525-05:00  INFO 13392 --- [Distribuidora] [           main] org.mongodb.driver.client                : MongoClient with metadata {"driver": {"name": "mongo-java-driver|sync|spring-boot", "version": "5.0.1"}, "os": {"type": "Windows", "name": "Windows 10", "architecture": "amd64", "version": "10.0"}, "platform": "Java/Oracle Corporation/17.0.12+8-LTS-286"} created with settings MongoClientSettings{readPreference=primary, writeConcern=WriteConcern{w=null, wTimeout=null ms, journal=null}, retryWrites=true, retryReads=true, readConcern=ReadConcern{level=null}, credential=MongoCredential{mechanism=null, userName='luizdias0802', source='admin', password=<hidden>, mechanismProperties=<hidden>}, transportSettings=null, commandListeners=[], codecRegistry=ProvidersCodecRegistry{codecProviders=[ValueCodecProvider{}, BsonValueCodecProvider{}, DBRefCodecProvider{}, DBObjectCodecProvider{}, DocumentCodecProvider{}, CollectionCodecProvider{}, IterableCodecProvider{}, MapCodecProvider{}, GeoJsonCodecProvider{}, GridFSFileCodecProvider{}, Jsr310CodecProvider{}, JsonObjectCodecProvider{}, BsonCodecProvider{}, EnumCodecProvider{}, com.mongodb.client.model.mql.ExpressionCodecProvider@10e5bf9c, com.mongodb.Jep395RecordCodecProvider@68c9e023, com.mongodb.KotlinCodecProvider@1624775]}, loggerSettings=LoggerSettings{maxDocumentLength=1000}, clusterSettings={hosts=[127.0.0.1:27017], srvHost=mundialfutbol.poaoyqn.mongodb.net, srvServiceName=mongodb, mode=MULTIPLE, requiredClusterType=REPLICA_SET, requiredReplicaSetName='atlas-vefy31-shard-0', serverSelector='null', clusterListeners='[]', serverSelectionTimeout='30000 ms', localThreshold='15 ms'}, socketSettings=SocketSettings{connectTimeoutMS=10000, readTimeoutMS=0, receiveBufferSize=0, proxySettings=ProxySettings{host=null, port=null, username=null, password=null}}, heartbeatSocketSettings=SocketSettings{connectTimeoutMS=10000, readTimeoutMS=10000, receiveBufferSize=0, proxySettings=ProxySettings{host=null, port=null, username=null, password=null}}, connectionPoolSettings=ConnectionPoolSettings{maxSize=100, minSize=0, maxWaitTimeMS=120000, maxConnectionLifeTimeMS=0, maxConnectionIdleTimeMS=0, maintenanceInitialDelayMS=0, maintenanceFrequencyMS=60000, connectionPoolListeners=[], maxConnecting=2}, serverSettings=ServerSettings{heartbeatFrequencyMS=10000, minHeartbeatFrequencyMS=500, serverListeners='[]', serverMonitorListeners='[]'}, sslSettings=SslSettings{enabled=true, invalidHostNameAllowed=false, context=null}, applicationName='null', compressorList=[], uuidRepresentation=JAVA_LEGACY, serverApi=null, autoEncryptionSettings=null, dnsClient=null, inetAddressResolver=null, contextProvider=null}
2025-05-30T17:27:01.066-05:00  INFO 13392 --- [Distribuidora] [yqn.mongodb.net] org.mongodb.driver.cluster               : Adding discovered server ac-49sltti-shard-00-02.poaoyqn.mongodb.net:27017 to client view of cluster
2025-05-30T17:27:01.117-05:00  INFO 13392 --- [Distribuidora] [yqn.mongodb.net] org.mongodb.driver.cluster               : Adding discovered server ac-49sltti-shard-00-01.poaoyqn.mongodb.net:27017 to client view of cluster
2025-05-30T17:27:01.122-05:00  INFO 13392 --- [Distribuidora] [yqn.mongodb.net] org.mongodb.driver.cluster               : Adding discovered server ac-49sltti-shard-00-00.poaoyqn.mongodb.net:27017 to client view of cluster
2025-05-30T17:27:01.505-05:00  INFO 13392 --- [Distribuidora] [           main] o.s.b.a.w.s.WelcomePageHandlerMapping    : Adding welcome page template: index
2025-05-30T17:27:02.101-05:00  INFO 13392 --- [Distribuidora] [ngodb.net:27017] org.mongodb.driver.cluster               : Monitor thread successfully connected to server with description ServerDescription{address=ac-49sltti-shard-00-01.poaoyqn.mongodb.net:27017, type=REPLICA_SET_SECONDARY, state=CONNECTED, ok=true, minWireVersion=0, maxWireVersion=25, maxDocumentSize=16777216, logicalSessionTimeoutMinutes=30, roundTripTimeNanos=319593799, setName='atlas-vefy31-shard-0', canonicalAddress=ac-49sltti-shard-00-01.poaoyqn.mongodb.net:27017, hosts=[ac-49sltti-shard-00-01.poaoyqn.mongodb.net:27017, ac-49sltti-shard-00-00.poaoyqn.mongodb.net:27017, ac-49sltti-shard-00-02.poaoyqn.mongodb.net:27017], passives=[], arbiters=[], primary='ac-49sltti-shard-00-02.poaoyqn.mongodb.net:27017', tagSet=TagSet{[Tag{name='availabilityZone', value='use1-az2'}, Tag{name='diskState', value='READY'}, Tag{name='nodeType', value='ELECTABLE'}, Tag{name='provider', value='AWS'}, Tag{name='region', value='US_EAST_1'}, Tag{name='workloadType', value='OPERATIONAL'}]}, electionId=null, setVersion=169, topologyVersion=TopologyVersion{processId=682b51274f40bb92123cc614, counter=3}, lastWriteDate=Fri May 30 17:27:32 COT 2025, lastUpdateTimeNanos=17133907638000}
2025-05-30T17:27:02.100-05:00  INFO 13392 --- [Distribuidora] [ngodb.net:27017] org.mongodb.driver.cluster               : Monitor thread successfully connected to server with description ServerDescription{address=ac-49sltti-shard-00-00.poaoyqn.mongodb.net:27017, type=REPLICA_SET_SECONDARY, state=CONNECTED, ok=true, minWireVersion=0, maxWireVersion=25, maxDocumentSize=16777216, logicalSessionTimeoutMinutes=30, roundTripTimeNanos=364925300, setName='atlas-vefy31-shard-0', canonicalAddress=ac-49sltti-shard-00-00.poaoyqn.mongodb.net:27017, hosts=[ac-49sltti-shard-00-01.poaoyqn.mongodb.net:27017, ac-49sltti-shard-00-00.poaoyqn.mongodb.net:27017, ac-49sltti-shard-00-02.poaoyqn.mongodb.net:27017], passives=[], arbiters=[], primary='ac-49sltti-shard-00-02.poaoyqn.mongodb.net:27017', tagSet=TagSet{[Tag{name='availabilityZone', value='use1-az1'}, Tag{name='diskState', value='READY'}, Tag{name='nodeType', value='ELECTABLE'}, Tag{name='provider', value='AWS'}, Tag{name='region', value='US_EAST_1'}, Tag{name='workloadType', value='OPERATIONAL'}]}, electionId=null, setVersion=169, topologyVersion=TopologyVersion{processId=682b4bce99b014d87564f2cf, counter=4}, lastWriteDate=Fri May 30 17:27:32 COT 2025, lastUpdateTimeNanos=17133907799600}
2025-05-30T17:27:02.101-05:00  INFO 13392 --- [Distribuidora] [ngodb.net:27017] org.mongodb.driver.cluster               : Monitor thread successfully connected to server with description ServerDescription{address=ac-49sltti-shard-00-02.poaoyqn.mongodb.net:27017, type=REPLICA_SET_PRIMARY, state=CONNECTED, ok=true, minWireVersion=0, maxWireVersion=25, maxDocumentSize=16777216, logicalSessionTimeoutMinutes=30, roundTripTimeNanos=319608300, setName='atlas-vefy31-shard-0', canonicalAddress=ac-49sltti-shard-00-02.poaoyqn.mongodb.net:27017, hosts=[ac-49sltti-shard-00-01.poaoyqn.mongodb.net:27017, ac-49sltti-shard-00-00.poaoyqn.mongodb.net:27017, ac-49sltti-shard-00-02.poaoyqn.mongodb.net:27017], passives=[], arbiters=[], primary='ac-49sltti-shard-00-02.poaoyqn.mongodb.net:27017', tagSet=TagSet{[Tag{name='availabilityZone', value='use1-az4'}, Tag{name='diskState', value='READY'}, Tag{name='nodeType', value='ELECTABLE'}, Tag{name='provider', value='AWS'}, Tag{name='region', value='US_EAST_1'}, Tag{name='workloadType', value='OPERATIONAL'}]}, electionId=7fffffff0000000000000390, setVersion=169, topologyVersion=TopologyVersion{processId=682b4f0cd23b011a2e10a13c, counter=6}, lastWriteDate=Fri May 30 17:27:32 COT 2025, lastUpdateTimeNanos=17133907654600}
2025-05-30T17:27:02.106-05:00  INFO 13392 --- [Distribuidora] [ngodb.net:27017] org.mongodb.driver.cluster               : Discovered replica set primary ac-49sltti-shard-00-02.poaoyqn.mongodb.net:27017 with max election id 7fffffff0000000000000390 and max set version 169
2025-05-30T17:27:02.270-05:00  INFO 13392 --- [Distribuidora] [           main] c.d.app.DistribuidoraApplicationTests    : Started DistribuidoraApplicationTests in 4.057 seconds (process running for 5.323)
]]></system-out>
  </testcase>
</testsuite>